<?xml version="1.0" encoding="UTF-8"?>
<coverage generated="1619539785">
  <project timestamp="1619539785">
    <file name="/Users/musthafa/Sites/code-coverage/src/CodeCoverage.php">
      <class name="Teqnomaze\Coverage\CodeCoverage" namespace="global">
        <metrics complexity="8" methods="3" coveredmethods="2" conditionals="0" coveredconditionals="0" statements="23" coveredstatements="21" elements="26" coveredelements="23"/>
      </class>
      <line num="49" type="method" name="__construct" visibility="public" complexity="1" crap="1" count="3"/>
      <line num="51" type="stmt" count="3"/>
      <line num="52" type="stmt" count="3"/>
      <line num="53" type="stmt" count="3"/>
      <line num="61" type="method" name="check" visibility="public" complexity="5" crap="5" count="3"/>
      <line num="63" type="stmt" count="3"/>
      <line num="64" type="stmt" count="1"/>
      <line num="67" type="stmt" count="2"/>
      <line num="68" type="stmt" count="2"/>
      <line num="69" type="stmt" count="2"/>
      <line num="71" type="stmt" count="2"/>
      <line num="72" type="stmt" count="2"/>
      <line num="73" type="stmt" count="2"/>
      <line num="76" type="stmt" count="2"/>
      <line num="77" type="stmt" count="2"/>
      <line num="79" type="stmt" count="2"/>
      <line num="80" type="stmt" count="1"/>
      <line num="81" type="stmt" count="1"/>
      <line num="83" type="stmt" count="1"/>
      <line num="84" type="stmt" count="1"/>
      <line num="87" type="stmt" count="2"/>
      <line num="97" type="method" name="output" visibility="public" complexity="2" crap="2.50" count="2"/>
      <line num="99" type="stmt" count="2"/>
      <line num="100" type="stmt" count="0"/>
      <line num="101" type="stmt" count="0"/>
      <line num="104" type="stmt" count="2"/>
      <metrics loc="106" ncloc="59" classes="1" methods="3" coveredmethods="2" conditionals="0" coveredconditionals="0" statements="23" coveredstatements="21" elements="26" coveredelements="23"/>
    </file>
    <metrics files="1" loc="106" ncloc="59" classes="1" methods="3" coveredmethods="2" conditionals="0" coveredconditionals="0" statements="23" coveredstatements="21" elements="26" coveredelements="23"/>
  </project>
</coverage>
